2019-06-20 09:25:47 ERROR root:77 - equip() method got incorrect input data(equipment == null) 
2019-06-20 09:30:49 ERROR root:77 - equip() method got incorrect input data(equipment == null) 
2019-06-20 09:30:49 ERROR root:69 - remove() method got incorrect input data(equipment == null or equipment.length == 0) 
2019-06-20 09:30:49 ERROR root:69 - remove() method got incorrect input data(equipment == null or equipment.length == 0) 
2019-06-20 11:02:35 ERROR root:69 - getPrice() method got incorrect input data(equipment == null or equipment.length == 0) 
2019-06-20 11:02:35 ERROR root:69 - getDamage() method got incorrect input data(equipment == null or equipment.length == 0) 
2019-06-20 11:02:35 ERROR root:69 - getArmor() method got incorrect input data(equipment == null or equipment.length == 0) 
2019-06-20 11:02:35 ERROR root:69 - getArmor() method got incorrect input data(equipment == null or equipment.length == 0) 
2019-06-20 11:02:35 ERROR root:69 - getDamage() method got incorrect input data(equipment == null or equipment.length == 0) 
2019-06-20 11:02:35 ERROR root:69 - getPrice() method got incorrect input data(equipment == null or equipment.length == 0) 
2019-06-20 11:04:01 ERROR root:69 - getPrice() method got incorrect input data(equipment == null or equipment.length == 0) 
2019-06-20 11:04:01 ERROR root:69 - getDamage() method got incorrect input data(equipment == null or equipment.length == 0) 
2019-06-20 11:04:01 ERROR root:69 - getArmor() method got incorrect input data(equipment == null or equipment.length == 0) 
2019-06-20 11:04:01 ERROR root:69 - getWeight() method got incorrect input data(equipment == null or equipment.length == 0) 
2019-06-20 11:04:01 ERROR root:69 - getWeight() method got incorrect input data(equipment == null or equipment.length == 0) 
2019-06-20 11:04:01 ERROR root:69 - getArmor() method got incorrect input data(equipment == null or equipment.length == 0) 
2019-06-20 11:04:01 ERROR root:69 - getDamage() method got incorrect input data(equipment == null or equipment.length == 0) 
2019-06-20 11:04:01 ERROR root:69 - getPrice() method got incorrect input data(equipment == null or equipment.length == 0) 
2019-06-20 11:06:09 ERROR root:69 - getPrice() method got incorrect input data(equipment == null or equipment.length == 0) 
2019-06-20 11:06:09 ERROR root:69 - getDamage() method got incorrect input data(equipment == null or equipment.length == 0) 
2019-06-20 11:06:09 ERROR root:69 - getArmor() method got incorrect input data(equipment == null or equipment.length == 0) 
2019-06-20 11:06:09 ERROR root:69 - getWeight() method got incorrect input data(equipment == null or equipment.length == 0) 
2019-06-20 11:06:09 ERROR root:69 - getWeight() method got incorrect input data(equipment == null or equipment.length == 0) 
2019-06-20 11:06:09 ERROR root:69 - getArmor() method got incorrect input data(equipment == null or equipment.length == 0) 
2019-06-20 11:06:09 ERROR root:69 - getDamage() method got incorrect input data(equipment == null or equipment.length == 0) 
2019-06-20 11:06:09 ERROR root:69 - getPrice() method got incorrect input data(equipment == null or equipment.length == 0) 
2019-06-20 11:27:08 ERROR root:69 - getPrice() method got incorrect input data(equipment == null or equipment.length == 0) 
2019-06-20 11:27:08 ERROR root:69 - getDamage() method got incorrect input data(equipment == null or equipment.length == 0) 
2019-06-20 11:27:08 ERROR root:69 - getArmor() method got incorrect input data(equipment == null or equipment.length == 0) 
2019-06-20 11:27:08 ERROR root:69 - getWeight() method got incorrect input data(equipment == null or equipment.length == 0) 
2019-06-20 11:27:08 ERROR root:69 - findMaxDamage() method got incorrect input data(equipment == null or equipment.length == 0) 
2019-06-20 11:27:08 ERROR root:69 - getWeight() method got incorrect input data(equipment == null or equipment.length == 0) 
2019-06-20 11:27:08 ERROR root:69 - getArmor() method got incorrect input data(equipment == null or equipment.length == 0) 
2019-06-20 11:27:08 ERROR root:69 - getDamage() method got incorrect input data(equipment == null or equipment.length == 0) 
2019-06-20 11:27:08 ERROR root:69 - getMobility() method got incorrect input data(equipment == null or equipment.length == 0) 
2019-06-20 11:27:08 ERROR root:69 - getPrice() method got incorrect input data(equipment == null or equipment.length == 0) 
2019-06-20 11:27:08 ERROR root:69 - findMaxDamage() method got incorrect input data(equipment == null or equipment.length == 0) 
2019-06-20 11:27:08 ERROR root:69 - getMobility() method got incorrect input data(equipment == null or equipment.length == 0) 
2019-06-20 11:27:38 ERROR root:69 - getPrice() method got incorrect input data(equipment == null or equipment.length == 0) 
2019-06-20 11:27:38 ERROR root:69 - getDamage() method got incorrect input data(equipment == null or equipment.length == 0) 
2019-06-20 11:27:38 ERROR root:69 - getArmor() method got incorrect input data(equipment == null or equipment.length == 0) 
2019-06-20 11:27:38 ERROR root:69 - getWeight() method got incorrect input data(equipment == null or equipment.length == 0) 
2019-06-20 11:27:38 ERROR root:69 - findMaxDamage() method got incorrect input data(equipment == null or equipment.length == 0) 
2019-06-20 11:27:38 ERROR root:69 - getWeight() method got incorrect input data(equipment == null or equipment.length == 0) 
2019-06-20 11:27:38 ERROR root:69 - getArmor() method got incorrect input data(equipment == null or equipment.length == 0) 
2019-06-20 11:27:38 ERROR root:69 - getDamage() method got incorrect input data(equipment == null or equipment.length == 0) 
2019-06-20 11:27:38 ERROR root:69 - getMobility() method got incorrect input data(equipment == null or equipment.length == 0) 
2019-06-20 11:27:38 ERROR root:69 - getPrice() method got incorrect input data(equipment == null or equipment.length == 0) 
2019-06-20 11:27:38 ERROR root:69 - findMaxDamage() method got incorrect input data(equipment == null or equipment.length == 0) 
2019-06-20 11:27:38 ERROR root:69 - getMobility() method got incorrect input data(equipment == null or equipment.length == 0) 
2019-06-20 11:31:56 ERROR root:69 - getPrice() method got incorrect input data(equipment == null or equipment.length == 0) 
2019-06-20 11:31:56 ERROR root:69 - getDamage() method got incorrect input data(equipment == null or equipment.length == 0) 
2019-06-20 11:31:56 ERROR root:69 - getArmor() method got incorrect input data(equipment == null or equipment.length == 0) 
2019-06-20 11:31:56 ERROR root:69 - getWeight() method got incorrect input data(equipment == null or equipment.length == 0) 
2019-06-20 11:31:56 ERROR root:69 - findMinDamage() method got incorrect input data(equipment == null or equipment.length == 0) 
2019-06-20 11:31:56 ERROR root:69 - findMaxDamage() method got incorrect input data(equipment == null or equipment.length == 0) 
2019-06-20 11:31:56 ERROR root:69 - getWeight() method got incorrect input data(equipment == null or equipment.length == 0) 
2019-06-20 11:31:56 ERROR root:69 - findMinArmor() method got incorrect input data(equipment == null or equipment.length == 0) 
2019-06-20 11:31:56 ERROR root:69 - getArmor() method got incorrect input data(equipment == null or equipment.length == 0) 
2019-06-20 11:31:56 ERROR root:69 - getDamage() method got incorrect input data(equipment == null or equipment.length == 0) 
2019-06-20 11:31:56 ERROR root:69 - getMobility() method got incorrect input data(equipment == null or equipment.length == 0) 
2019-06-20 11:31:56 ERROR root:69 - getPrice() method got incorrect input data(equipment == null or equipment.length == 0) 
2019-06-20 11:31:56 ERROR root:69 - findMaxArmor() method got incorrect input data(equipment == null or equipment.length == 0) 
2019-06-20 11:31:56 ERROR root:69 - findMaxDamage() method got incorrect input data(equipment == null or equipment.length == 0) 
2019-06-20 11:31:56 ERROR root:69 - getMobility() method got incorrect input data(equipment == null or equipment.length == 0) 
2019-06-20 11:31:56 ERROR root:69 - findMaxArmor() method got incorrect input data(equipment == null or equipment.length == 0) 
2019-06-20 11:31:56 ERROR root:69 - findMinDamage() method got incorrect input data(equipment == null or equipment.length == 0) 
2019-06-20 11:31:56 ERROR root:69 - findMinArmor() method got incorrect input data(equipment == null or equipment.length == 0) 
2019-06-20 11:37:43 ERROR root:69 - getPrice() method got incorrect input data(equipment == null or equipment.length == 0) 
2019-06-20 11:37:43 ERROR root:69 - getDamage() method got incorrect input data(equipment == null or equipment.length == 0) 
2019-06-20 11:37:43 ERROR root:69 - getArmor() method got incorrect input data(equipment == null or equipment.length == 0) 
2019-06-20 11:37:43 ERROR root:69 - getWeight() method got incorrect input data(equipment == null or equipment.length == 0) 
2019-06-20 11:37:43 ERROR root:69 - findMinDamage() method got incorrect input data(equipment == null or equipment.length == 0) 
2019-06-20 11:37:43 ERROR root:69 - findMaxDamage() method got incorrect input data(equipment == null or equipment.length == 0) 
2019-06-20 11:37:43 ERROR root:69 - getWeight() method got incorrect input data(equipment == null or equipment.length == 0) 
2019-06-20 11:37:43 ERROR root:69 - findMinArmor() method got incorrect input data(equipment == null or equipment.length == 0) 
2019-06-20 11:37:43 ERROR root:69 - getArmor() method got incorrect input data(equipment == null or equipment.length == 0) 
2019-06-20 11:37:43 ERROR root:69 - getDamage() method got incorrect input data(equipment == null or equipment.length == 0) 
2019-06-20 11:37:43 ERROR root:69 - getMobility() method got incorrect input data(equipment == null or equipment.length == 0) 
2019-06-20 11:37:43 ERROR root:69 - findMinMobility() method got incorrect input data(equipment == null or equipment.length == 0) 
2019-06-20 11:37:43 ERROR root:69 - getPrice() method got incorrect input data(equipment == null or equipment.length == 0) 
2019-06-20 11:37:43 ERROR root:69 - findMaxArmor() method got incorrect input data(equipment == null or equipment.length == 0) 
2019-06-20 11:37:43 ERROR root:69 - findMaxDamage() method got incorrect input data(equipment == null or equipment.length == 0) 
2019-06-20 11:37:43 ERROR root:69 - findMinMobility() method got incorrect input data(equipment == null or equipment.length == 0) 
2019-06-20 11:37:43 ERROR root:69 - findMaxMobility() method got incorrect input data(equipment == null or equipment.length == 0) 
2019-06-20 11:37:43 ERROR root:69 - getMobility() method got incorrect input data(equipment == null or equipment.length == 0) 
2019-06-20 11:37:43 ERROR root:69 - findMaxMobility() method got incorrect input data(equipment == null or equipment.length == 0) 
2019-06-20 11:37:43 ERROR root:69 - findMaxArmor() method got incorrect input data(equipment == null or equipment.length == 0) 
2019-06-20 11:37:43 ERROR root:69 - findMinDamage() method got incorrect input data(equipment == null or equipment.length == 0) 
2019-06-20 11:37:43 ERROR root:69 - findMinArmor() method got incorrect input data(equipment == null or equipment.length == 0) 
2019-06-20 11:52:03 ERROR root:69 - searchDamage() method got incorrect input data(equipment == null or equipment.length == 0) 
2019-06-20 11:52:03 ERROR root:69 - searchDamage() method got incorrect input data(equipment == null or equipment.length == 0) 
2019-06-20 11:57:28 ERROR root:69 - searchDamage() method got incorrect input data(equipment == null or equipment.length == 0) 
2019-06-20 11:57:28 ERROR root:69 - searchElement() method got incorrect input data(equipment == null or equipment.length == 0) 
2019-06-20 11:57:28 ERROR root:69 - searchElement() method got incorrect input data(equipment == null or equipment.length == 0) 
2019-06-20 11:57:28 ERROR root:69 - searchArmor() method got incorrect input data(equipment == null or equipment.length == 0) 
2019-06-20 11:57:28 ERROR root:69 - searchDamage() method got incorrect input data(equipment == null or equipment.length == 0) 
2019-06-20 11:57:28 ERROR root:69 - searchArmor() method got incorrect input data(equipment == null or equipment.length == 0) 
2019-06-20 11:59:13 ERROR root:69 - searchDamage() method got incorrect input data(equipment == null or equipment.length == 0) 
2019-06-20 11:59:13 ERROR root:69 - searchElement() method got incorrect input data(equipment == null or equipment.length == 0) 
2019-06-20 11:59:13 ERROR root:69 - searchElement() method got incorrect input data(equipment == null or equipment.length == 0) 
2019-06-20 11:59:13 ERROR root:69 - searchArmor() method got incorrect input data(equipment == null or equipment.length == 0) 
2019-06-20 11:59:13 ERROR root:69 - searchDamage() method got incorrect input data(equipment == null or equipment.length == 0) 
2019-06-20 11:59:13 ERROR root:69 - searchArmor() method got incorrect input data(equipment == null or equipment.length == 0) 
2019-06-20 11:59:13 ERROR root:69 - searchMobility() method got incorrect input data(equipment == null or equipment.length == 0) 
2019-06-20 11:59:13 ERROR root:69 - searchMobility() method got incorrect input data(equipment == null or equipment.length == 0) 
2019-06-20 12:00:55 ERROR root:69 - searchDamage() method got incorrect input data(equipment == null or equipment.length == 0) 
2019-06-20 12:00:55 ERROR root:69 - searchElement() method got incorrect input data(equipment == null or equipment.length == 0) 
2019-06-20 12:00:55 ERROR root:69 - searchElement() method got incorrect input data(equipment == null or equipment.length == 0) 
2019-06-20 12:00:55 ERROR root:69 - searchPrice() method got incorrect input data(equipment == null or equipment.length == 0) 
2019-06-20 12:00:55 ERROR root:69 - searchArmor() method got incorrect input data(equipment == null or equipment.length == 0) 
2019-06-20 12:00:55 ERROR root:69 - searchDamage() method got incorrect input data(equipment == null or equipment.length == 0) 
2019-06-20 12:00:55 ERROR root:69 - searchArmor() method got incorrect input data(equipment == null or equipment.length == 0) 
2019-06-20 12:00:55 ERROR root:69 - searchMobility() method got incorrect input data(equipment == null or equipment.length == 0) 
2019-06-20 12:00:55 ERROR root:69 - searchMobility() method got incorrect input data(equipment == null or equipment.length == 0) 
2019-06-20 12:00:55 ERROR root:69 - searchPrice() method got incorrect input data(equipment == null or equipment.length == 0) 
2019-06-20 12:03:09 ERROR root:69 - searchWeight() method got incorrect input data(equipment == null or equipment.length == 0) 
2019-06-20 12:03:09 ERROR root:69 - searchDamage() method got incorrect input data(equipment == null or equipment.length == 0) 
2019-06-20 12:03:09 ERROR root:69 - searchElement() method got incorrect input data(equipment == null or equipment.length == 0) 
2019-06-20 12:03:09 ERROR root:69 - searchElement() method got incorrect input data(equipment == null or equipment.length == 0) 
2019-06-20 12:03:09 ERROR root:69 - searchPrice() method got incorrect input data(equipment == null or equipment.length == 0) 
2019-06-20 12:03:09 ERROR root:69 - searchArmor() method got incorrect input data(equipment == null or equipment.length == 0) 
2019-06-20 12:03:09 ERROR root:69 - searchDamage() method got incorrect input data(equipment == null or equipment.length == 0) 
2019-06-20 12:03:09 ERROR root:69 - searchWeight() method got incorrect input data(equipment == null or equipment.length == 0) 
2019-06-20 12:03:09 ERROR root:69 - searchArmor() method got incorrect input data(equipment == null or equipment.length == 0) 
2019-06-20 12:03:09 ERROR root:69 - searchMobility() method got incorrect input data(equipment == null or equipment.length == 0) 
2019-06-20 12:03:09 ERROR root:69 - searchMobility() method got incorrect input data(equipment == null or equipment.length == 0) 
2019-06-20 12:03:09 ERROR root:69 - searchPrice() method got incorrect input data(equipment == null or equipment.length == 0) 
2019-06-20 12:45:55 ERROR root:77 - equip() method got incorrect input data(equipment == null) 
2019-06-20 12:45:55 ERROR root:69 - remove() method got incorrect input data(equipment == null or equipment.length == 0) 
2019-06-20 12:45:55 ERROR root:69 - remove() method got incorrect input data(equipment == null or equipment.length == 0) 
2019-06-20 12:46:19 ERROR root:77 - equip() method got incorrect input data(equipment == null) 
2019-06-20 12:46:19 ERROR root:69 - remove() method got incorrect input data(equipment == null or equipment.length == 0) 
2019-06-20 12:46:19 ERROR root:69 - remove() method got incorrect input data(equipment == null or equipment.length == 0) 
2019-06-20 13:05:07 ERROR root:77 - sortByDamageIncrease() method got incorrect input data(equipment == null) 
2019-06-20 13:05:07 ERROR root:77 - sortByPriceIncrease() method got incorrect input data(equipment == null) 
2019-06-20 13:05:07 ERROR root:77 - sortByDamageDecrease() method got incorrect input data(equipment == null) 
2019-06-20 13:05:07 ERROR root:77 - sortByPriceDecrease() method got incorrect input data(equipment == null) 
2019-06-20 13:07:34 ERROR root:77 - sortByDamageIncrease() method got incorrect input data(equipment == null) 
2019-06-20 13:07:34 ERROR root:77 - sortByPriceIncrease() method got incorrect input data(equipment == null) 
2019-06-20 13:07:34 ERROR root:77 - sortByDamageDecrease() method got incorrect input data(equipment == null) 
2019-06-20 13:07:34 ERROR root:77 - sortByPriceDecrease() method got incorrect input data(equipment == null) 
2019-06-20 13:36:07 ERROR root:80 - equip() method got incorrect input data(equipment == null) 
2019-06-20 13:36:07 ERROR root:72 - remove() method got incorrect input data(equipment == null or equipment.length == 0) 
2019-06-20 13:36:07 ERROR root:72 - remove() method got incorrect input data(equipment == null or equipment.length == 0) 
2019-06-20 13:37:33 ERROR root:80 - equip() method got incorrect input data(equipment == null) 
2019-06-20 13:37:33 ERROR root:72 - remove() method got incorrect input data(equipment == null or equipment.length == 0) 
2019-06-20 13:37:33 ERROR root:72 - remove() method got incorrect input data(equipment == null or equipment.length == 0) 
2019-06-20 13:38:01 ERROR root:80 - equip() method got incorrect input data(equipment == null) 
2019-06-20 13:38:01 ERROR root:72 - remove() method got incorrect input data(equipment == null or equipment.length == 0) 
2019-06-20 13:38:01 ERROR root:72 - remove() method got incorrect input data(equipment == null or equipment.length == 0) 
2019-06-20 13:38:38 ERROR root:80 - equip() method got incorrect input data(equipment == null) 
2019-06-20 13:38:38 ERROR root:72 - remove() method got incorrect input data(equipment == null or equipment.length == 0) 
2019-06-20 13:38:38 ERROR root:72 - remove() method got incorrect input data(equipment == null or equipment.length == 0) 
2019-06-20 13:39:09 ERROR root:80 - equip() method got incorrect input data(equipment == null) 
2019-06-20 13:39:09 ERROR root:72 - remove() method got incorrect input data(equipment == null or equipment.length == 0) 
2019-06-20 13:39:09 ERROR root:72 - remove() method got incorrect input data(equipment == null or equipment.length == 0) 
2019-06-20 13:39:25 ERROR root:72 - searchWeight() method got incorrect input data(equipment == null or equipment.length == 0) 
2019-06-20 13:39:25 ERROR root:72 - searchDamage() method got incorrect input data(equipment == null or equipment.length == 0) 
2019-06-20 13:39:25 ERROR root:72 - searchElement() method got incorrect input data(equipment == null or equipment.length == 0) 
2019-06-20 13:39:25 ERROR root:72 - searchElement() method got incorrect input data(equipment == null or equipment.length == 0) 
2019-06-20 13:39:25 ERROR root:72 - searchPrice() method got incorrect input data(equipment == null or equipment.length == 0) 
2019-06-20 13:39:25 ERROR root:72 - searchArmor() method got incorrect input data(equipment == null or equipment.length == 0) 
2019-06-20 13:39:25 ERROR root:72 - searchDamage() method got incorrect input data(equipment == null or equipment.length == 0) 
2019-06-20 13:39:25 ERROR root:72 - searchWeight() method got incorrect input data(equipment == null or equipment.length == 0) 
2019-06-20 13:39:25 ERROR root:72 - searchArmor() method got incorrect input data(equipment == null or equipment.length == 0) 
2019-06-20 13:39:25 ERROR root:72 - searchMobility() method got incorrect input data(equipment == null or equipment.length == 0) 
2019-06-20 13:39:25 ERROR root:72 - searchMobility() method got incorrect input data(equipment == null or equipment.length == 0) 
2019-06-20 13:39:25 ERROR root:72 - searchPrice() method got incorrect input data(equipment == null or equipment.length == 0) 
2019-06-20 13:39:35 ERROR root:80 - sortByDamageIncrease() method got incorrect input data(equipment == null) 
2019-06-20 13:39:35 ERROR root:80 - sortByPriceIncrease() method got incorrect input data(equipment == null) 
2019-06-20 13:39:35 ERROR root:80 - sortByDamageDecrease() method got incorrect input data(equipment == null) 
2019-06-20 13:39:35 ERROR root:80 - sortByPriceDecrease() method got incorrect input data(equipment == null) 
2019-06-20 13:39:45 ERROR root:72 - getPrice() method got incorrect input data(equipment == null or equipment.length == 0) 
2019-06-20 13:39:45 ERROR root:72 - getDamage() method got incorrect input data(equipment == null or equipment.length == 0) 
2019-06-20 13:39:45 ERROR root:72 - getArmor() method got incorrect input data(equipment == null or equipment.length == 0) 
2019-06-20 13:39:45 ERROR root:72 - getWeight() method got incorrect input data(equipment == null or equipment.length == 0) 
2019-06-20 13:39:45 ERROR root:72 - findMinDamage() method got incorrect input data(equipment == null or equipment.length == 0) 
2019-06-20 13:39:45 ERROR root:72 - findMaxDamage() method got incorrect input data(equipment == null or equipment.length == 0) 
2019-06-20 13:39:45 ERROR root:72 - getWeight() method got incorrect input data(equipment == null or equipment.length == 0) 
2019-06-20 13:39:45 ERROR root:72 - findMinArmor() method got incorrect input data(equipment == null or equipment.length == 0) 
2019-06-20 13:39:45 ERROR root:72 - getArmor() method got incorrect input data(equipment == null or equipment.length == 0) 
2019-06-20 13:39:45 ERROR root:72 - getDamage() method got incorrect input data(equipment == null or equipment.length == 0) 
2019-06-20 13:39:45 ERROR root:72 - getMobility() method got incorrect input data(equipment == null or equipment.length == 0) 
2019-06-20 13:39:45 ERROR root:72 - findMinMobility() method got incorrect input data(equipment == null or equipment.length == 0) 
2019-06-20 13:39:45 ERROR root:72 - getPrice() method got incorrect input data(equipment == null or equipment.length == 0) 
2019-06-20 13:39:45 ERROR root:72 - findMaxArmor() method got incorrect input data(equipment == null or equipment.length == 0) 
2019-06-20 13:39:45 ERROR root:72 - findMaxDamage() method got incorrect input data(equipment == null or equipment.length == 0) 
2019-06-20 13:39:45 ERROR root:72 - findMinMobility() method got incorrect input data(equipment == null or equipment.length == 0) 
2019-06-20 13:39:45 ERROR root:72 - findMaxMobility() method got incorrect input data(equipment == null or equipment.length == 0) 
2019-06-20 13:39:45 ERROR root:72 - getMobility() method got incorrect input data(equipment == null or equipment.length == 0) 
2019-06-20 13:39:45 ERROR root:72 - findMaxMobility() method got incorrect input data(equipment == null or equipment.length == 0) 
2019-06-20 13:39:45 ERROR root:72 - findMaxArmor() method got incorrect input data(equipment == null or equipment.length == 0) 
2019-06-20 13:39:45 ERROR root:72 - findMinDamage() method got incorrect input data(equipment == null or equipment.length == 0) 
2019-06-20 13:39:45 ERROR root:72 - findMinArmor() method got incorrect input data(equipment == null or equipment.length == 0) 
2019-06-20 16:46:36 ERROR root:80 - sortByDamageIncrease() method got incorrect input data(equipment == null) 
2019-06-20 16:46:36 ERROR root:80 - sortByPriceIncrease() method got incorrect input data(equipment == null) 
2019-06-20 16:46:36 ERROR root:80 - sortByDamageDecrease() method got incorrect input data(equipment == null) 
2019-06-20 16:46:36 ERROR root:80 - sortByPriceDecrease() method got incorrect input data(equipment == null) 
